TN:
SF:./src/http-api.js
FN:3,(anonymous_1)
FN:5,(anonymous_2)
FN:8,(anonymous_3)
FN:16,(anonymous_4)
FN:28,(anonymous_5)
FN:40,(anonymous_6)
FN:41,(anonymous_7)
FN:43,(anonymous_8)
FN:49,(anonymous_9)
FN:54,(anonymous_10)
FN:58,(anonymous_11)
FN:62,(anonymous_12)
FN:66,(anonymous_13)
FN:68,(anonymous_14)
FN:74,(anonymous_15)
FN:80,(anonymous_16)
FN:83,(anonymous_17)
FNF:17
FNH:16
FNDA:1,(anonymous_1)
FNDA:7,(anonymous_2)
FNDA:7,(anonymous_3)
FNDA:7,(anonymous_4)
FNDA:7,(anonymous_5)
FNDA:7,(anonymous_6)
FNDA:7,(anonymous_7)
FNDA:0,(anonymous_8)
FNDA:8,(anonymous_9)
FNDA:3,(anonymous_10)
FNDA:1,(anonymous_11)
FNDA:1,(anonymous_12)
FNDA:8,(anonymous_13)
FNDA:3,(anonymous_14)
FNDA:4,(anonymous_15)
FNDA:3,(anonymous_16)
FNDA:2,(anonymous_17)
DA:3,1
DA:4,1
DA:6,7
DA:9,7
DA:10,7
DA:11,3
DA:12,3
DA:14,7
DA:17,7
DA:18,7
DA:19,7
DA:21,7
DA:22,2
DA:23,2
DA:25,7
DA:26,7
DA:29,7
DA:30,7
DA:31,7
DA:33,7
DA:34,7
DA:35,7
DA:36,0
DA:38,7
DA:41,7
DA:42,7
DA:44,0
DA:46,7
DA:49,1
DA:50,8
DA:54,8
DA:55,3
DA:58,8
DA:59,1
DA:62,8
DA:63,1
DA:66,8
DA:67,8
DA:69,3
DA:75,4
DA:81,3
DA:84,2
DA:88,8
LF:43
LH:41
BRDA:18,1,0,7
BRDA:18,1,1,0
BRDA:30,2,0,7
BRDA:30,2,1,0
BRDA:35,3,0,0
BRDA:35,3,1,7
BRF:6
BRH:3
end_of_record
